[   29952ms] [ERROR] Failed to load resource: net::ERR_NETWORK_CHANGED @ https://frontend-assets.supabase.com/studio/72cebe397607/_next/static/chunks/0fapkys0ri-_l.js?dpl=dpl_F86Szi6wzBMEjvwRRLwX5r4HSs8B:0
[   29953ms] [ERROR] Failed to initialize Usercentrics: ChunkLoadError: Failed to load chunk https://frontend-assets.supabase.com/studio/72cebe397607/_next/static/chunks/0fapkys0ri-_l.js?dpl=dpl_F86Szi6wzBMEjvwRRLwX5r4HSs8B from module 111410
    at https://frontend-assets.supabase.com/studio/72cebe397607/_next/static/chunks/turbopack-0m7q5rqytpzvp.js?dpl=dpl_F86Szi6wzBMEjvwRRLwX5r4HSs8B:2:7253
    at async Promise.all (index 0)
    at async t (https://frontend-assets.supabase.com/studio/72cebe397607/_next/static/chunks/0nwv_f~miu7tp.js?dpl=dpl_F86Szi6wzBMEjvwRRLwX5r4HSs8B:5:112106) @ https://frontend-assets.supabase.com/studio/72cebe397607/_next/static/chunks/0c.7zcpqrqwgq.js?dpl=dpl_F86Szi6wzBMEjvwRRLwX5r4HSs8B:12
[   29964ms] [ERROR] Failed to load resource: net::ERR_NETWORK_CHANGED @ https://frontend-assets.supabase.com/studio/72cebe397607/_next/static/chunks/0~4sz39c_mg-o.js?dpl=dpl_F86Szi6wzBMEjvwRRLwX5r4HSs8B:0
[   29964ms] [ERROR] Failed to load resource: net::ERR_NETWORK_CHANGED @ https://frontend-assets.supabase.com/studio/72cebe397607/_next/static/chunks/0.0g9m._85658.js?dpl=dpl_F86Szi6wzBMEjvwRRLwX5r4HSs8B:0
[   29964ms] [ERROR] Failed to load resource: net::ERR_NETWORK_CHANGED @ https://frontend-assets.supabase.com/studio/72cebe397607/_next/static/chunks/11b262e1s9q_r.js?dpl=dpl_F86Szi6wzBMEjvwRRLwX5r4HSs8B:0
[   29969ms] [ERROR] Failed to load resource: net::ERR_NETWORK_CHANGED @ https://frontend-assets.supabase.com/studio/72cebe397607/_next/static/chunks/05kb.6x81l04i.js?dpl=dpl_F86Szi6wzBMEjvwRRLwX5r4HSs8B:0
[   29969ms] [ERROR] Failed to load resource: net::ERR_NETWORK_CHANGED @ https://frontend-assets.supabase.com/studio/72cebe397607/_next/static/chunks/01zqmte34rerj.js?dpl=dpl_F86Szi6wzBMEjvwRRLwX5r4HSs8B:0
[   29969ms] [ERROR] Failed to load resource: net::ERR_NETWORK_CHANGED @ https://frontend-assets.supabase.com/studio/72cebe397607/_next/static/chunks/00lj7p6h14t~h.js?dpl=dpl_F86Szi6wzBMEjvwRRLwX5r4HSs8B:0
[   29969ms] [ERROR] Failed to load resource: net::ERR_NETWORK_CHANGED @ https://frontend-assets.supabase.com/studio/72cebe397607/_next/static/chunks/0ysjd6a7lmuh5.js?dpl=dpl_F86Szi6wzBMEjvwRRLwX5r4HSs8B:0
[   29969ms] [ERROR] Failed to load resource: net::ERR_NETWORK_CHANGED @ https://frontend-assets.supabase.com/studio/72cebe397607/_next/static/chunks/0culbthgnz_js.js?dpl=dpl_F86Szi6wzBMEjvwRRLwX5r4HSs8B:0
[   29969ms] [ERROR] Failed to load resource: net::ERR_NETWORK_CHANGED @ https://frontend-assets.supabase.com/studio/72cebe397607/_next/static/chunks/0w4-21x_6xc6z.js?dpl=dpl_F86Szi6wzBMEjvwRRLwX5r4HSs8B:0
[   29970ms] [ERROR] Failed to load resource: net::ERR_NETWORK_CHANGED @ https://frontend-assets.supabase.com/studio/72cebe397607/_next/static/chunks/13tqcpc3pm7ea.js?dpl=dpl_F86Szi6wzBMEjvwRRLwX5r4HSs8B:0
[   29970ms] [ERROR] Failed to load resource: net::ERR_NETWORK_CHANGED @ https://frontend-assets.supabase.com/studio/72cebe397607/_next/static/chunks/0ws.0pc5psvvt.js?dpl=dpl_F86Szi6wzBMEjvwRRLwX5r4HSs8B:0
[   29970ms] [ERROR] Failed to load resource: net::ERR_NETWORK_CHANGED @ https://frontend-assets.supabase.com/studio/72cebe397607/_next/static/chunks/0ljgaq9l6zabp.js?dpl=dpl_F86Szi6wzBMEjvwRRLwX5r4HSs8B:0
[   29970ms] [ERROR] Failed to load resource: net::ERR_NETWORK_CHANGED @ https://frontend-assets.supabase.com/studio/72cebe397607/_next/static/chunks/0unwkajatkzju.js?dpl=dpl_F86Szi6wzBMEjvwRRLwX5r4HSs8B:0
[   29970ms] [ERROR] Failed to load resource: net::ERR_NETWORK_CHANGED @ https://frontend-assets.supabase.com/studio/72cebe397607/_next/static/chunks/1633361gt0nx1.js?dpl=dpl_F86Szi6wzBMEjvwRRLwX5r4HSs8B:0
[   29970ms] [ERROR] Failed to load resource: net::ERR_NETWORK_CHANGED @ https://frontend-assets.supabase.com/studio/72cebe397607/_next/static/chunks/0p9vjrkrf5kty.js?dpl=dpl_F86Szi6wzBMEjvwRRLwX5r4HSs8B:0
[   29970ms] [ERROR] Failed to load resource: net::ERR_NETWORK_CHANGED @ https://frontend-assets.supabase.com/studio/72cebe397607/_next/static/chunks/0x7jnrnrhvuj3.js?dpl=dpl_F86Szi6wzBMEjvwRRLwX5r4HSs8B:0
[   29970ms] [ERROR] Failed to load resource: net::ERR_NETWORK_CHANGED @ https://frontend-assets.supabase.com/studio/72cebe397607/_next/static/chunks/14st3bdxabsyc.js?dpl=dpl_F86Szi6wzBMEjvwRRLwX5r4HSs8B:0
[   29970ms] [ERROR] Failed to load resource: net::ERR_NETWORK_CHANGED @ https://frontend-assets.supabase.com/studio/72cebe397607/_next/static/chunks/0.fh8zg_72~ov.js?dpl=dpl_F86Szi6wzBMEjvwRRLwX5r4HSs8B:0
[   29970ms] [ERROR] Failed to load resource: net::ERR_NETWORK_CHANGED @ https://frontend-assets.supabase.com/studio/72cebe397607/_next/static/chunks/03n15jbwy_krg.js?dpl=dpl_F86Szi6wzBMEjvwRRLwX5r4HSs8B:0
[   29970ms] [ERROR] Failed to load resource: net::ERR_NETWORK_CHANGED @ https://frontend-assets.supabase.com/studio/72cebe397607/_next/static/build-TfctsWXpff2fKS/_clientMiddlewareManifest.js?dpl=dpl_F86Szi6wzBMEjvwRRLwX5r4HSs8B:0
[   29970ms] [ERROR] Failed to load resource: net::ERR_NETWORK_CHANGED @ https://frontend-assets.supabase.com/studio/72cebe397607/_next/static/build-TfctsWXpff2fKS/_ssgManifest.js?dpl=dpl_F86Szi6wzBMEjvwRRLwX5r4HSs8B:0
[   29970ms] [ERROR] Failed to load resource: net::ERR_NETWORK_CHANGED @ https://frontend-assets.supabase.com/studio/72cebe397607/_next/static/build-TfctsWXpff2fKS/_buildManifest.js?dpl=dpl_F86Szi6wzBMEjvwRRLwX5r4HSs8B:0
[   29970ms] [ERROR] Failed to load resource: net::ERR_NETWORK_CHANGED @ https://frontend-assets.supabase.com/studio/72cebe397607/_next/static/chunks/turbopack-03c0wgnud4ixz.js?dpl=dpl_F86Szi6wzBMEjvwRRLwX5r4HSs8B:0
[   29970ms] [ERROR] Failed to load resource: net::ERR_NETWORK_CHANGED @ https://frontend-assets.supabase.com/studio/72cebe397607/_next/static/chunks/01wvj5dhmv9.t.js?dpl=dpl_F86Szi6wzBMEjvwRRLwX5r4HSs8B:0
[   29978ms] [ERROR] Failed to load resource: net::ERR_NETWORK_CHANGED @ https://js.stripe.com/dahlia/stripe.js:0
[   30082ms] Uncaught (in promise) Error: Failed to load Stripe.js
    at G (https://frontend-assets.supabase.com/studio/72cebe397607/_next/static/chunks/0vwvell29i5l6.js?dpl=dpl_F86Szi6wzBMEjvwRRLwX5r4HSs8B:1:11940)
    at r (https://frontend-assets.supabase.com/studio/72cebe397607/_next/static/chunks/0c.7zcpqrqwgq.js?dpl=dpl_F86Szi6wzBMEjvwRRLwX5r4HSs8B:9:5014)
[   29983ms] [ERROR] Failed to load resource: net::ERR_NETWORK_CHANGED @ https://o398706.ingest.us.sentry.io/api/5459134/envelope/?sentry_version=7&sentry_key=caa7db5fc1da4341810a6d56251a951c&sentry_client=sentry.javascript.nextjs%2F10.27.0:0
